DEBUG:httpx:load_ssl_context verify=True cert=None trust_env=True http2=False
DEBUG:httpx:load_verify_locations cafile='/etc/ssl/certs/ca-certificates.crt'
DEBUG:httpx:load_ssl_context verify=True cert=None trust_env=True http2=False
DEBUG:httpx:load_verify_locations cafile='/etc/ssl/certs/ca-certificates.crt'
DEBUG:httpx:load_ssl_context verify=True cert=None trust_env=True http2=False
DEBUG:httpx:load_verify_locations cafile='/etc/ssl/certs/ca-certificates.crt'
DEBUG:hydra.core.utils:Setting JobRuntime:name=UNKNOWN_NAME
DEBUG:hydra.core.utils:Setting JobRuntime:name=main
DEBUG:httpx:load_ssl_context verify=True cert=None trust_env=True http2=False
DEBUG:httpx:load_verify_locations cafile='/etc/ssl/certs/ca-certificates.crt'
DEBUG:httpx:load_ssl_context verify=True cert=None trust_env=True http2=False
DEBUG:httpx:load_verify_locations cafile='/etc/ssl/certs/ca-certificates.crt'
DEBUG:httpx:load_ssl_context verify=True cert=None trust_env=True http2=False
DEBUG:httpx:load_verify_locations cafile='/etc/ssl/certs/ca-certificates.crt'
DEBUG:httpx:load_ssl_context verify=True cert=None trust_env=True http2=False
DEBUG:httpx:load_verify_locations cafile='/etc/ssl/certs/ca-certificates.crt'
DEBUG:hydra.core.utils:Setting JobRuntime:name=UNKNOWN_NAME
DEBUG:hydra.core.utils:Setting JobRuntime:name=visualize_best_individuals
DEBUG:httpx:load_ssl_context verify=True cert=None trust_env=True http2=False
DEBUG:httpx:load_verify_locations cafile='/etc/ssl/certs/ca-certificates.crt'
DEBUG:hydra.core.utils:Setting JobRuntime:name=UNKNOWN_NAME
DEBUG:hydra.core.utils:Setting JobRuntime:name=main
DEBUG:httpx:load_ssl_context verify=True cert=None trust_env=True http2=False
DEBUG:httpx:load_verify_locations cafile='/etc/ssl/certs/ca-certificates.crt'
DEBUG:hydra.core.utils:Setting JobRuntime:name=UNKNOWN_NAME
DEBUG:hydra.core.utils:Setting JobRuntime:name=main
